<?xml version="1.0" encoding="UTF-8"?>
<!-- Generated by org.testng.reporters.JUnitXMLReporter -->
<testsuite ignored="0" hostname="DESKTOP-QA9AF7C" failures="0" tests="3" name="Test" time="44.169" errors="0" timestamp="24 May 2019 16:06:10 GMT">
  <testcase classname="Academy.HomePage" name="basePageNavigation" time="0.0">
    <skipped/>
  </testcase> <!-- basePageNavigation -->
  <testcase classname="Academy.NavigationBar" name="basePageNavigation" time="0.108"/>
  <testcase classname="Academy.ValidateTitle" name="basePageNavigation" time="0.076"/>
</testsuite> <!-- Test -->
