<?xml version="1.0" encoding="UTF-8"?>
<!-- Generated by org.testng.reporters.JUnitXMLReporter -->
<testsuite ignored="0" hostname="DESKTOP-QA9AF7C" failures="1" tests="4" name="Test" time="94.932" errors="0" timestamp="25 May 2019 07:36:06 GMT">
  <testcase classname="Academy.HomePage" name="basePageNavigation" time="20.047"/>
  <testcase classname="Academy.HomePage" name="basePageNavigation" time="18.755"/>
  <testcase classname="Academy.NavigationBar" name="basePageNavigation" time="0.069"/>
  <testcase classname="Academy.ValidateTitle" name="basePageNavigation" time="0.049">
    <failure type="junit.framework.ComparisonFailure" message="expected:&amp;lt;...-...&amp;gt; but was:&amp;lt;... ...&amp;gt;">
      <![CDATA[junit.framework.ComparisonFailure: expected:<...-...> but was:<... ...>
at junit.framework.Assert.assertEquals(Assert.java:81)
at junit.framework.Assert.assertEquals(Assert.java:87)
at Academy.ValidateTitle.basePageNavigation(ValidateTitle.java:31)
... Removed 29 stack frames]]>
    </failure>
  </testcase> <!-- basePageNavigation -->
</testsuite> <!-- Test -->
