-------------------------------------------------------------------------------
Test set: TestSuite
-------------------------------------------------------------------------------
Tests run: 4, Failures: 1, Errors: 0, Skipped: 0, Time elapsed: 96.018 s <<< FAILURE! - in TestSuite
basePageNavigation(Academy.ValidateTitle)  Time elapsed: 0.053 s  <<< FAILURE!
junit.framework.ComparisonFailure: expected:<...-...> but was:<... ...>
	at Academy.ValidateTitle.basePageNavigation(ValidateTitle.java:31)

