<?xml version="1.0" encoding="UTF-8"?>
<testsuite xmlns:xsi="http://www.w3.org/2001/XMLSchema-instance" xsi:noNamespaceSchemaLocation="https://maven.apache.org/surefire/maven-surefire-plugin/xsd/surefire-test-report-3.0.xsd" version="3.0" name="TestSuite" time="96.018" tests="4" errors="0" skipped="0" failures="1">
  <properties>
[...]
</properties>
  <testcase name="basePageNavigation" classname="Academy.HomePage" time="20.046"/>
  <testcase name="basePageNavigation" classname="Academy.HomePage" time="18.755"/>
  <testcase name="basePageNavigation" classname="Academy.NavigationBar" time="0.07"/>
  <testcase name="basePageNavigation" classname="Academy.ValidateTitle" time="0.053">
    <failure message="expected:&lt;...-...&gt; but was:&lt;... ...&gt;" type="junit.framework.ComparisonFailure"><![CDATA[junit.framework.ComparisonFailure: expected:<...-...> but was:<... ...>
	at Academy.ValidateTitle.basePageNavigation(ValidateTitle.java:31)
]]></failure>
    <system-err><![CDATA[Starting ChromeDriver 74.0.3729.6 (255758eccf3d244491b8a1317aa76e1ce10d57e9-refs/branch-heads/3729@{#29}) on port 31493
Only local connections are allowed.
Please protect ports used by ChromeDriver and related test frameworks to prevent access by malicious code.
May 25, 2019 12:35:29 PM org.openqa.selenium.remote.ProtocolHandshake createSession
INFO: Detected dialect: OSS
]]></system-err>
  </testcase>
</testsuite>